2020-08-26 20:34:08.583  INFO 57020 --- [main] cn.ffcs.buffet.BuffetApplication         : Starting BuffetApplication on LAPTOP-QPGHRP3T with PID 57020 (C:\福富公司材料\团队项目\buffet-system\buffet\target\classes started by 24287 in C:\福富公司材料\团队项目\buffet-system)
2020-08-26 20:34:08.585  INFO 57020 --- [main] cn.ffcs.buffet.BuffetApplication         : No active profile set, falling back to default profiles: default
2020-08-26 20:34:09.421  INFO 57020 --- [main] .s.d.r.c.RepositoryConfigurationDelegate : Multiple Spring Data modules found, entering strict repository configuration mode!
2020-08-26 20:34:09.425  INFO 57020 --- [main] .s.d.r.c.RepositoryConfigurationDelegate : Bootstrapping Spring Data Redis repositories in DEFAULT mode.
2020-08-26 20:34:09.470  INFO 57020 --- [main] .s.d.r.c.RepositoryConfigurationDelegate : Finished Spring Data repository scanning in 28ms. Found 0 Redis repository interfaces.
2020-08-26 20:34:10.069  INFO 57020 --- [main] o.s.b.w.embedded.tomcat.TomcatWebServer  : Tomcat initialized with port(s): 8082 (http)
2020-08-26 20:34:10.078  INFO 57020 --- [main] o.apache.catalina.core.StandardService   : Starting service [Tomcat]
2020-08-26 20:34:10.078  INFO 57020 --- [main] org.apache.catalina.core.StandardEngine  : Starting Servlet engine: [Apache Tomcat/9.0.36]
2020-08-26 20:34:10.201  INFO 57020 --- [main] o.a.c.c.C.[Tomcat].[localhost].[/]       : Initializing Spring embedded WebApplicationContext
2020-08-26 20:34:10.202  INFO 57020 --- [main] w.s.c.ServletWebServerApplicationContext : Root WebApplicationContext: initialization completed in 1574 ms
2020-08-26 20:34:11.003  INFO 57020 --- [main] pertySourcedRequestMappingHandlerMapping : Mapped URL path [/v2/api-docs] onto method [springfox.documentation.swagger2.web.Swagger2Controller#getDocumentation(String, HttpServletRequest)]
2020-08-26 20:34:11.114  INFO 57020 --- [main] o.s.s.concurrent.ThreadPoolTaskExecutor  : Initializing ExecutorService 'applicationTaskExecutor'
2020-08-26 20:34:11.551  INFO 57020 --- [main] o.s.b.w.embedded.tomcat.TomcatWebServer  : Tomcat started on port(s): 8082 (http) with context path ''
2020-08-26 20:34:11.552  INFO 57020 --- [main] d.s.w.p.DocumentationPluginsBootstrapper : Context refreshed
2020-08-26 20:34:11.566  INFO 57020 --- [main] d.s.w.p.DocumentationPluginsBootstrapper : Found 1 custom documentation plugin(s)
2020-08-26 20:34:11.588  INFO 57020 --- [main] s.d.s.w.s.ApiListingReferenceScanner     : Scanning for api listing references
2020-08-26 20:34:11.841  INFO 57020 --- [main] cn.ffcs.buffet.BuffetApplication         : Started BuffetApplication in 3.658 seconds (JVM running for 4.465)
2020-08-26 20:36:15.423  INFO 12228 --- [main] cn.ffcs.buffet.BuffetApplication         : Starting BuffetApplication on LAPTOP-QPGHRP3T with PID 12228 (C:\福富公司材料\团队项目\buffet-system\buffet\target\classes started by 24287 in C:\福富公司材料\团队项目\buffet-system)
2020-08-26 20:36:15.426  INFO 12228 --- [main] cn.ffcs.buffet.BuffetApplication         : No active profile set, falling back to default profiles: default
2020-08-26 20:36:16.210  INFO 12228 --- [main] .s.d.r.c.RepositoryConfigurationDelegate : Multiple Spring Data modules found, entering strict repository configuration mode!
2020-08-26 20:36:16.211  INFO 12228 --- [main] .s.d.r.c.RepositoryConfigurationDelegate : Bootstrapping Spring Data Redis repositories in DEFAULT mode.
2020-08-26 20:36:16.248  INFO 12228 --- [main] .s.d.r.c.RepositoryConfigurationDelegate : Finished Spring Data repository scanning in 28ms. Found 0 Redis repository interfaces.
2020-08-26 20:36:16.732  INFO 12228 --- [main] o.s.b.w.embedded.tomcat.TomcatWebServer  : Tomcat initialized with port(s): 8082 (http)
2020-08-26 20:36:16.739  INFO 12228 --- [main] o.apache.catalina.core.StandardService   : Starting service [Tomcat]
2020-08-26 20:36:16.739  INFO 12228 --- [main] org.apache.catalina.core.StandardEngine  : Starting Servlet engine: [Apache Tomcat/9.0.36]
2020-08-26 20:36:16.893  INFO 12228 --- [main] o.a.c.c.C.[Tomcat].[localhost].[/]       : Initializing Spring embedded WebApplicationContext
2020-08-26 20:36:16.893  INFO 12228 --- [main] w.s.c.ServletWebServerApplicationContext : Root WebApplicationContext: initialization completed in 1424 ms
2020-08-26 20:36:17.608  INFO 12228 --- [main] pertySourcedRequestMappingHandlerMapping : Mapped URL path [/v2/api-docs] onto method [springfox.documentation.swagger2.web.Swagger2Controller#getDocumentation(String, HttpServletRequest)]
2020-08-26 20:36:17.716  INFO 12228 --- [main] o.s.s.concurrent.ThreadPoolTaskExecutor  : Initializing ExecutorService 'applicationTaskExecutor'
2020-08-26 20:36:18.109  INFO 12228 --- [main] o.s.b.w.embedded.tomcat.TomcatWebServer  : Tomcat started on port(s): 8082 (http) with context path ''
2020-08-26 20:36:18.110  INFO 12228 --- [main] d.s.w.p.DocumentationPluginsBootstrapper : Context refreshed
2020-08-26 20:36:18.123  INFO 12228 --- [main] d.s.w.p.DocumentationPluginsBootstrapper : Found 1 custom documentation plugin(s)
2020-08-26 20:36:18.145  INFO 12228 --- [main] s.d.s.w.s.ApiListingReferenceScanner     : Scanning for api listing references
2020-08-26 20:36:18.398  INFO 12228 --- [main] cn.ffcs.buffet.BuffetApplication         : Started BuffetApplication in 3.304 seconds (JVM running for 4.031)
2020-08-26 20:37:02.481  INFO 12228 --- [http-nio-8082-exec-2] o.a.c.c.C.[Tomcat].[localhost].[/]       : Initializing Spring DispatcherServlet 'dispatcherServlet'
2020-08-26 20:37:02.482  INFO 12228 --- [http-nio-8082-exec-2] o.s.web.servlet.DispatcherServlet        : Initializing Servlet 'dispatcherServlet'
2020-08-26 20:37:02.487  INFO 12228 --- [http-nio-8082-exec-2] o.s.web.servlet.DispatcherServlet        : Completed initialization in 5 ms
2020-08-26 20:37:02.515 ERROR 12228 --- [http-nio-8082-exec-2] c.f.b.c.h.GlobalDefaultExceptionHandler  : /api/shopCart/listShopCartByUserId 请求出现业务异常
2020-08-26 20:37:02.515 ERROR 12228 --- [http-nio-8082-exec-2] c.f.b.c.h.GlobalDefaultExceptionHandler  : 业务异常信息：token不存在
2020-08-26 20:37:28.853  INFO 26652 --- [main] cn.ffcs.buffet.BuffetApplication         : Starting BuffetApplication on LAPTOP-QPGHRP3T with PID 26652 (C:\福富公司材料\团队项目\buffet-system\buffet\target\classes started by 24287 in C:\福富公司材料\团队项目\buffet-system)
2020-08-26 20:37:28.855  INFO 26652 --- [main] cn.ffcs.buffet.BuffetApplication         : No active profile set, falling back to default profiles: default
2020-08-26 20:37:29.619  INFO 26652 --- [main] .s.d.r.c.RepositoryConfigurationDelegate : Multiple Spring Data modules found, entering strict repository configuration mode!
2020-08-26 20:37:29.621  INFO 26652 --- [main] .s.d.r.c.RepositoryConfigurationDelegate : Bootstrapping Spring Data Redis repositories in DEFAULT mode.
2020-08-26 20:37:29.663  INFO 26652 --- [main] .s.d.r.c.RepositoryConfigurationDelegate : Finished Spring Data repository scanning in 29ms. Found 0 Redis repository interfaces.
2020-08-26 20:37:30.136  INFO 26652 --- [main] o.s.b.w.embedded.tomcat.TomcatWebServer  : Tomcat initialized with port(s): 8082 (http)
2020-08-26 20:37:30.143  INFO 26652 --- [main] o.apache.catalina.core.StandardService   : Starting service [Tomcat]
2020-08-26 20:37:30.143  INFO 26652 --- [main] org.apache.catalina.core.StandardEngine  : Starting Servlet engine: [Apache Tomcat/9.0.36]
2020-08-26 20:37:30.300  INFO 26652 --- [main] o.a.c.c.C.[Tomcat].[localhost].[/]       : Initializing Spring embedded WebApplicationContext
2020-08-26 20:37:30.300  INFO 26652 --- [main] w.s.c.ServletWebServerApplicationContext : Root WebApplicationContext: initialization completed in 1408 ms
2020-08-26 20:37:30.984  INFO 26652 --- [main] pertySourcedRequestMappingHandlerMapping : Mapped URL path [/v2/api-docs] onto method [springfox.documentation.swagger2.web.Swagger2Controller#getDocumentation(String, HttpServletRequest)]
2020-08-26 20:37:31.091  INFO 26652 --- [main] o.s.s.concurrent.ThreadPoolTaskExecutor  : Initializing ExecutorService 'applicationTaskExecutor'
2020-08-26 20:37:31.485  INFO 26652 --- [main] o.s.b.w.embedded.tomcat.TomcatWebServer  : Tomcat started on port(s): 8082 (http) with context path ''
2020-08-26 20:37:31.486  INFO 26652 --- [main] d.s.w.p.DocumentationPluginsBootstrapper : Context refreshed
2020-08-26 20:37:31.498  INFO 26652 --- [main] d.s.w.p.DocumentationPluginsBootstrapper : Found 1 custom documentation plugin(s)
2020-08-26 20:37:31.520  INFO 26652 --- [main] s.d.s.w.s.ApiListingReferenceScanner     : Scanning for api listing references
2020-08-26 20:37:31.773  INFO 26652 --- [main] cn.ffcs.buffet.BuffetApplication         : Started BuffetApplication in 3.223 seconds (JVM running for 3.895)
2020-08-26 20:37:33.936  INFO 26652 --- [http-nio-8082-exec-2] o.a.c.c.C.[Tomcat].[localhost].[/]       : Initializing Spring DispatcherServlet 'dispatcherServlet'
2020-08-26 20:37:33.936  INFO 26652 --- [http-nio-8082-exec-2] o.s.web.servlet.DispatcherServlet        : Initializing Servlet 'dispatcherServlet'
2020-08-26 20:37:33.941  INFO 26652 --- [http-nio-8082-exec-2] o.s.web.servlet.DispatcherServlet        : Completed initialization in 5 ms
2020-08-26 20:37:37.683  INFO 26652 --- [http-nio-8082-exec-2] com.alibaba.druid.pool.DruidDataSource   : {dataSource-1} inited
2020-08-26 20:40:13.056  INFO 26652 --- [http-nio-8082-exec-7] c.f.b.c.a.AvoidRepeatableCommitAspect    : key:0:0:0:0:0:0:0:1/api/shopCart/addShopCartRecord
2020-08-26 20:40:24.114  INFO 26652 --- [http-nio-8082-exec-5] c.f.b.c.a.AvoidRepeatableCommitAspect    : key:0:0:0:0:0:0:0:1/api/shopCart/addShopCartRecord
2020-08-26 20:40:38.707  INFO 26652 --- [http-nio-8082-exec-10] c.f.b.c.a.AvoidRepeatableCommitAspect    : key:0:0:0:0:0:0:0:1/api/shopCart/addShopCartRecord
